0 info it worked if it ends with ok
1 verbose cli [ '/Users/jen/.nvm/versions/node/v6.10.2/bin/node',
1 verbose cli   '/Users/jen/.nvm/versions/node/v6.10.2/bin/npm',
1 verbose cli   'start' ]
2 info using npm@3.10.10
3 info using node@v6.10.2
4 verbose run-script [ 'prestart', 'start', 'poststart' ]
5 info lifecycle furybird@1.0.0~prestart: furybird@1.0.0
6 silly lifecycle furybird@1.0.0~prestart: no script for prestart, continuing
7 info lifecycle furybird@1.0.0~start: furybird@1.0.0
8 verbose lifecycle furybird@1.0.0~start: unsafe-perm in lifecycle true
9 verbose lifecycle furybird@1.0.0~start: PATH: /Users/jen/.nvm/versions/node/v6.10.2/lib/node_modules/npm/bin/node-gyp-bin:/Users/jen/GitHub/furybird/node_modules/.bin:/Users/jen/.nvm/versions/node/v6.10.2/bin:/usr/local/bin:/usr/bin:/bin:/usr/sbin:/sbin:/usr/local/git/bin
10 verbose lifecycle furybird@1.0.0~start: CWD: /Users/jen/GitHub/furybird
11 silly lifecycle furybird@1.0.0~start: Args: [ '-c',
11 silly lifecycle   'node-sass --include-path node_modules/bourbon/app/assets/stylesheets/ --watch scss/ --output stylesheets/' ]
12 info lifecycle furybird@1.0.0~start: Failed to exec start script
13 verbose stack Error: furybird@1.0.0 start: `node-sass --include-path node_modules/bourbon/app/assets/stylesheets/ --watch scss/ --output stylesheets/`
13 verbose stack spawn ENOENT
13 verbose stack     at ChildProcess.<anonymous> (/Users/jen/.nvm/versions/node/v6.10.2/lib/node_modules/npm/lib/utils/spawn.js:33:16)
13 verbose stack     at emitTwo (events.js:106:13)
13 verbose stack     at ChildProcess.emit (events.js:191:7)
13 verbose stack     at maybeClose (internal/child_process.js:886:16)
13 verbose stack     at Process.ChildProcess._handle.onexit (internal/child_process.js:226:5)
14 verbose pkgid furybird@1.0.0
15 verbose cwd /Users/jen/GitHub/furybird
16 error Darwin 16.1.0
17 error argv "/Users/jen/.nvm/versions/node/v6.10.2/bin/node" "/Users/jen/.nvm/versions/node/v6.10.2/bin/npm" "start"
18 error node v6.10.2
19 error npm  v3.10.10
20 error file sh
21 error code ELIFECYCLE
22 error errno ENOENT
23 error syscall spawn
24 error furybird@1.0.0 start: `node-sass --include-path node_modules/bourbon/app/assets/stylesheets/ --watch scss/ --output stylesheets/`
24 error spawn ENOENT
25 error Failed at the furybird@1.0.0 start script 'node-sass --include-path node_modules/bourbon/app/assets/stylesheets/ --watch scss/ --output stylesheets/'.
25 error Make sure you have the latest version of node.js and npm installed.
25 error If you do, this is most likely a problem with the furybird package,
25 error not with npm itself.
25 error Tell the author that this fails on your system:
25 error     node-sass --include-path node_modules/bourbon/app/assets/stylesheets/ --watch scss/ --output stylesheets/
25 error You can get information on how to open an issue for this project with:
25 error     npm bugs furybird
25 error Or if that isn't available, you can get their info via:
25 error     npm owner ls furybird
25 error There is likely additional logging output above.
26 verbose exit [ 1, true ]
